<?xml version="1.0" encoding="UTF-8"?>
<coverage generated="1574161846931" clover="3.2.0">
  <project timestamp="1574161846932" name="All files">
    <metrics statements="25" coveredstatements="2" conditionals="10" coveredconditionals="0" methods="11" coveredmethods="1" elements="46" coveredelements="3" complexity="0" loc="25" ncloc="25" packages="3" files="5" classes="5"/>
    <package name="src">
      <metrics statements="19" coveredstatements="2" conditionals="10" coveredconditionals="0" methods="7" coveredmethods="1"/>
      <file name="index.ts" path="C:\Users\qguic\Desktop\m_node\myS3\src\index.ts">
        <metrics statements="16" coveredstatements="0" conditionals="10" coveredconditionals="0" methods="6" coveredmethods="0"/>
        <line num="10" count="0" type="stmt"/>
        <line num="13" count="0" type="stmt"/>
        <line num="16" count="0" type="stmt"/>
        <line num="17" count="0" type="stmt"/>
        <line num="20" count="0" type="stmt"/>
        <line num="23" count="0" type="cond" truecount="0" falsecount="2"/>
        <line num="24" count="0" type="stmt"/>
        <line num="25" count="0" type="cond" truecount="0" falsecount="4"/>
        <line num="29" count="0" type="cond" truecount="0" falsecount="4"/>
        <line num="30" count="0" type="stmt"/>
        <line num="38" count="0" type="stmt"/>
        <line num="39" count="0" type="stmt"/>
        <line num="40" count="0" type="stmt"/>
        <line num="44" count="0" type="stmt"/>
        <line num="51" count="0" type="stmt"/>
        <line num="61" count="0" type="stmt"/>
      </file>
      <file name="routes.ts" path="C:\Users\qguic\Desktop\m_node\myS3\src\routes.ts">
        <metrics statements="1" coveredstatements="0" conditionals="0" coveredconditionals="0" methods="0" coveredmethods="0"/>
        <line num="3" count="0" type="stmt"/>
      </file>
      <file name="server.ts" path="C:\Users\qguic\Desktop\m_node\myS3\src\server.ts">
        <metrics statements="2" coveredstatements="2" conditionals="0" coveredconditionals="0" methods="1" coveredmethods="1"/>
        <line num="3" count="1" type="stmt"/>
        <line num="5" count="1" type="stmt"/>
      </file>
    </package>
    <package name="src.controller">
      <metrics statements="6" coveredstatements="0" conditionals="0" coveredconditionals="0" methods="4" coveredmethods="0"/>
      <file name="UserController.ts" path="C:\Users\qguic\Desktop\m_node\myS3\src\controller\UserController.ts">
        <metrics statements="6" coveredstatements="0" conditionals="0" coveredconditionals="0" methods="4" coveredmethods="0"/>
        <line num="6" count="0" type="stmt"/>
        <line num="9" count="0" type="stmt"/>
        <line num="13" count="0" type="stmt"/>
        <line num="17" count="0" type="stmt"/>
        <line num="21" count="0" type="stmt"/>
        <line num="24" count="0" type="stmt"/>
      </file>
    </package>
    <package name="src.entity">
      <metrics statements="0" coveredstatements="0" conditionals="0" coveredconditionals="0" methods="0" coveredmethods="0"/>
      <file name="User.ts" path="C:\Users\qguic\Desktop\m_node\myS3\src\entity\User.ts">
        <metrics statements="0" coveredstatements="0" conditionals="0" coveredconditionals="0" methods="0" coveredmethods="0"/>
      </file>
    </package>
  </project>
</coverage>
