{"C:\\Users\\qguic\\Desktop\\m_node\\myS3\\src\\index.ts": {"path":"C:\\Users\\qguic\\Desktop\\m_node\\myS3\\src\\index.ts","statementMap":{"0":{"start":{"line":10,"column":0},"end":{"line":61,"column":37}},"1":{"start":{"line":13,"column":2},"end":{"line":13,"column":29}},"2":{"start":{"line":16,"column":2},"end":{"line":34,"column":5}},"3":{"start":{"line":17,"column":3},"end":{"line":33,"column":5}},"4":{"start":{"line":20,"column":20},"end":{"line":22,"column":22}},"5":{"start":{"line":23,"column":5},"end":{"line":31,"column":6}},"6":{"start":{"line":24,"column":6},"end":{"line":28,"column":8}},"7":{"start":{"line":25,"column":7},"end":{"line":27,"column":19}},"8":{"start":{"line":29,"column":12},"end":{"line":31,"column":6}},"9":{"start":{"line":30,"column":6},"end":{"line":30,"column":23}},"10":{"start":{"line":38,"column":15},"end":{"line":38,"column":19}},"11":{"start":{"line":39,"column":2},"end":{"line":41,"column":4}},"12":{"start":{"line":40,"column":3},"end":{"line":40,"column":56}},"13":{"start":{"line":44,"column":2},"end":{"line":50,"column":4}},"14":{"start":{"line":51,"column":2},"end":{"line":57,"column":4}},"15":{"start":{"line":61,"column":17},"end":{"line":61,"column":35}}},"fnMap":{"0":{"name":"(anonymous_0)","decl":{"start":{"line":11,"column":7},"end":{"line":11,"column":8}},"loc":{"start":{"line":11,"column":27},"end":{"line":60,"column":2}},"line":11},"1":{"name":"(anonymous_1)","decl":{"start":{"line":16,"column":17},"end":{"line":16,"column":18}},"loc":{"start":{"line":16,"column":26},"end":{"line":34,"column":3}},"line":16},"2":{"name":"(anonymous_2)","decl":{"start":{"line":19,"column":4},"end":{"line":19,"column":5}},"loc":{"start":{"line":19,"column":53},"end":{"line":32,"column":5}},"line":19},"3":{"name":"(anonymous_3)","decl":{"start":{"line":24,"column":18},"end":{"line":24,"column":19}},"loc":{"start":{"line":25,"column":7},"end":{"line":27,"column":19}},"line":25},"4":{"name":"(anonymous_4)","decl":{"start":{"line":39,"column":19},"end":{"line":39,"column":20}},"loc":{"start":{"line":40,"column":3},"end":{"line":40,"column":56}},"line":40},"5":{"name":"(anonymous_5)","decl":{"start":{"line":61,"column":8},"end":{"line":61,"column":9}},"loc":{"start":{"line":61,"column":17},"end":{"line":61,"column":35}},"line":61}},"branchMap":{"0":{"loc":{"start":{"line":23,"column":5},"end":{"line":31,"column":6}},"type":"if","locations":[{"start":{"line":23,"column":5},"end":{"line":31,"column":6}},{"start":{"line":23,"column":5},"end":{"line":31,"column":6}}],"line":23},"1":{"loc":{"start":{"line":25,"column":7},"end":{"line":27,"column":19}},"type":"cond-expr","locations":[{"start":{"line":26,"column":10},"end":{"line":26,"column":26}},{"start":{"line":27,"column":10},"end":{"line":27,"column":19}}],"line":25},"2":{"loc":{"start":{"line":25,"column":7},"end":{"line":25,"column":46}},"type":"binary-expr","locations":[{"start":{"line":25,"column":7},"end":{"line":25,"column":22}},{"start":{"line":25,"column":26},"end":{"line":25,"column":46}}],"line":25},"3":{"loc":{"start":{"line":29,"column":12},"end":{"line":31,"column":6}},"type":"if","locations":[{"start":{"line":29,"column":12},"end":{"line":31,"column":6}},{"start":{"line":29,"column":12},"end":{"line":31,"column":6}}],"line":29},"4":{"loc":{"start":{"line":29,"column":16},"end":{"line":29,"column":55}},"type":"binary-expr","locations":[{"start":{"line":29,"column":16},"end":{"line":29,"column":31}},{"start":{"line":29,"column":35},"end":{"line":29,"column":55}}],"line":29}},"s":{"0":0,"1":0,"2":0,"3":0,"4":0,"5":0,"6":0,"7":0,"8":0,"9":0,"10":0,"11":0,"12":0,"13":0,"14":0,"15":0},"f":{"0":0,"1":0,"2":0,"3":0,"4":0,"5":0},"b":{"0":[0,0],"1":[0,0],"2":[0,0],"3":[0,0],"4":[0,0]},"hash":"2dad54881f365214d790dca35d73f9f777ed4721"}
,"C:\\Users\\qguic\\Desktop\\m_node\\myS3\\src\\routes.ts": {"path":"C:\\Users\\qguic\\Desktop\\m_node\\myS3\\src\\routes.ts","statementMap":{"0":{"start":{"line":3,"column":22},"end":{"line":28,"column":1}}},"fnMap":{},"branchMap":{},"s":{"0":0},"f":{},"b":{},"hash":"affecfe6a41da93159fd0aeb43a5012317baa032"}
,"C:\\Users\\qguic\\Desktop\\m_node\\myS3\\src\\server.ts": {"path":"C:\\Users\\qguic\\Desktop\\m_node\\myS3\\src\\server.ts","statementMap":{"0":{"start":{"line":3,"column":19},"end":{"line":3,"column":28}},"1":{"start":{"line":5,"column":0},"end":{"line":5,"column":52}},"2":{"start":{"line":5,"column":27},"end":{"line":5,"column":50}}},"fnMap":{"0":{"name":"(anonymous_0)","decl":{"start":{"line":5,"column":13},"end":{"line":5,"column":14}},"loc":{"start":{"line":5,"column":27},"end":{"line":5,"column":50}},"line":5}},"branchMap":{},"s":{"0":1,"1":1,"2":1},"f":{"0":1},"b":{},"_coverageSchema":"43e27e138ebf9cfc5966b082cf9a028302ed4184","hash":"43fc7139c6d091a04cd1be07ee4d6a9dbada2ccf"}
,"C:\\Users\\qguic\\Desktop\\m_node\\myS3\\src\\controller\\UserController.ts": {"path":"C:\\Users\\qguic\\Desktop\\m_node\\myS3\\src\\controller\\UserController.ts","statementMap":{"0":{"start":{"line":6,"column":26},"end":{"line":6,"column":45}},"1":{"start":{"line":9,"column":2},"end":{"line":9,"column":36}},"2":{"start":{"line":13,"column":2},"end":{"line":13,"column":56}},"3":{"start":{"line":17,"column":2},"end":{"line":17,"column":48}},"4":{"start":{"line":21,"column":23},"end":{"line":23,"column":3}},"5":{"start":{"line":24,"column":2},"end":{"line":24,"column":56}}},"fnMap":{"0":{"name":"(anonymous_0)","decl":{"start":{"line":8,"column":1},"end":{"line":8,"column":2}},"loc":{"start":{"line":8,"column":30},"end":{"line":10,"column":2}},"line":8},"1":{"name":"(anonymous_1)","decl":{"start":{"line":12,"column":1},"end":{"line":12,"column":2}},"loc":{"start":{"line":12,"column":44},"end":{"line":14,"column":2}},"line":12},"2":{"name":"(anonymous_2)","decl":{"start":{"line":16,"column":1},"end":{"line":16,"column":2}},"loc":{"start":{"line":16,"column":45},"end":{"line":18,"column":2}},"line":16},"3":{"name":"(anonymous_3)","decl":{"start":{"line":20,"column":1},"end":{"line":20,"column":2}},"loc":{"start":{"line":20,"column":47},"end":{"line":25,"column":2}},"line":20}},"branchMap":{},"s":{"0":0,"1":0,"2":0,"3":0,"4":0,"5":0},"f":{"0":0,"1":0,"2":0,"3":0},"b":{},"hash":"b4912993cca9145e3a697be29cff21d4f0fb799e"}
,"C:\\Users\\qguic\\Desktop\\m_node\\myS3\\src\\entity\\User.ts": {"path":"C:\\Users\\qguic\\Desktop\\m_node\\myS3\\src\\entity\\User.ts","statementMap":{},"fnMap":{},"branchMap":{},"s":{},"f":{},"b":{},"hash":"8328fe5d5c024db92d21d2f19be1c0dbc2db59df"}
}
